*** Log start at Mon, 15 May 2006 05:00:19 GMT
Per-session init started
Warning: download manager WellGet not found
Warning: download manager TrueDownloader not found
Warning: download manager Thunder not found
Warning: download manager Star Downloader not found
/usr/bin/osascript not found
Warning: download manager Speed Download 3 not found
Warning: download manager Speed Download 2 not found
Warning: download manager Speed Download not found
Warning: download manager ReGet not found
Warning: download manager NetAnts not found
Warning: download manager Net Transport 2 not found
Warning: download manager Net Transport not found
Warning: download manager Mass Downloader not found
Warning: download manager LeechGet 2002 not found
Warning: download manager LeechGet not found
Running /tmp/flashgot.zp1qj4dn.default/flashgot.fgt (blocking)
cURL|OK
GNOME Gwget|KO
KDE KGet|KO
Downloader 4 X|KO
Downloader 4 X (nt)|KO
Aria|KO

Warning: download manager KDE KGet not found
Warning: download manager Internet Download Manager not found
Warning: download manager Internet Download Accelerator not found
Warning: download manager InstantGet not found
Warning: download manager iGetter Win not found
Warning: download manager iGetter not found
Warning: download manager HiDownload not found
Warning: download manager GNOME Gwget not found
Warning: download manager GigaGet not found
Warning: download manager GetRight not found
Warning: download manager FreshDownload not found
Warning: download manager Free Download Manager not found
Warning: download manager FlashGet not found
Warning: download manager Downloader 4 X (nt) not found
Warning: download manager Downloader 4 X not found
Warning: download manager Download Master not found
Warning: download manager Download Accelerator Plus not found
Warning: download manager Aria not found
Default download manager set to cURL
Per-session init done in 622ms
Starting cleanup
Cleanup done
*** Log start at Mon, 15 May 2006 05:01:38 GMT
Per-session init started
Warning: download manager WellGet not found
Warning: download manager TrueDownloader not found
Warning: download manager Thunder not found
Warning: download manager Star Downloader not found
/usr/bin/osascript not found
Warning: download manager Speed Download 3 not found
Warning: download manager Speed Download 2 not found
Warning: download manager Speed Download not found
Warning: download manager ReGet not found
Warning: download manager NetAnts not found
Warning: download manager Net Transport 2 not found
Warning: download manager Net Transport not found
Warning: download manager Mass Downloader not found
Warning: download manager LeechGet 2002 not found
Warning: download manager LeechGet not found
Running /tmp/flashgot.zp1qj4dn.default/flashgot.fgt (blocking)
cURL|OK
GNOME Gwget|KO
KDE KGet|KO
Downloader 4 X|KO
Downloader 4 X (nt)|KO
Aria|KO

Warning: download manager KDE KGet not found
Warning: download manager Internet Download Manager not found
Warning: download manager Internet Download Accelerator not found
Warning: download manager InstantGet not found
Warning: download manager iGetter Win not found
Warning: download manager iGetter not found
Warning: download manager HiDownload not found
Warning: download manager GNOME Gwget not found
Warning: download manager GigaGet not found
Warning: download manager GetRight not found
Warning: download manager FreshDownload not found
Warning: download manager Free Download Manager not found
Warning: download manager FlashGet not found
Warning: download manager Downloader 4 X (nt) not found
Warning: download manager Downloader 4 X not found
Warning: download manager Download Master not found
Warning: download manager Download Accelerator Plus not found
Warning: download manager Aria not found
Per-session init done in 571ms
Starting cleanup
Cleanup done
*** Log start at Thu, 01 Jun 2006 12:42:16 GMT
Per-session init started
Warning: download manager WellGet not found
Warning: download manager TrueDownloader not found
Warning: download manager Thunder not found
Warning: download manager Star Downloader not found
/usr/bin/osascript not found
Warning: download manager Speed Download 3 not found
Warning: download manager Speed Download 2 not found
Warning: download manager Speed Download not found
Warning: download manager ReGet not found
Warning: download manager NetAnts not found
Warning: download manager Net Transport 2 not found
Warning: download manager Net Transport not found
Warning: download manager Mass Downloader not found
Warning: download manager LeechGet 2002 not found
Warning: download manager LeechGet not found
Running /tmp/flashgot.zp1qj4dn.default/flashgot.fgt (blocking)
cURL|OK
GNOME Gwget|KO
KDE KGet|KO
Downloader 4 X|KO
Downloader 4 X (nt)|KO
Aria|KO

Warning: download manager KDE KGet not found
Warning: download manager Internet Download Manager not found
Warning: download manager Internet Download Accelerator not found
Warning: download manager InstantGet not found
Warning: download manager iGetter Win not found
Warning: download manager iGetter not found
Warning: download manager HiDownload not found
Warning: download manager GNOME Gwget not found
Warning: download manager GigaGet not found
Warning: download manager GetRight not found
Warning: download manager FreshDownload not found
Warning: download manager Free Download Manager not found
Warning: download manager FlashGet not found
Warning: download manager Downloader 4 X (nt) not found
Warning: download manager Downloader 4 X not found
Warning: download manager Download Master not found
Warning: download manager Download Accelerator Plus not found
Warning: download manager Aria not found
Per-session init done in 314ms
Starting cleanup
Cleanup done
*** Log start at Thu, 01 Jun 2006 12:42:19 GMT
Per-session init started
Warning: download manager WellGet not found
Warning: download manager TrueDownloader not found
Warning: download manager Thunder not found
Warning: download manager Star Downloader not found
/usr/bin/osascript not found
Warning: download manager Speed Download 3 not found
Warning: download manager Speed Download 2 not found
Warning: download manager Speed Download not found
Warning: download manager ReGet not found
Warning: download manager NetAnts not found
Warning: download manager Net Transport 2 not found
Warning: download manager Net Transport not found
Warning: download manager Mass Downloader not found
Warning: download manager LeechGet 2002 not found
Warning: download manager LeechGet not found
Running /tmp/flashgot.zp1qj4dn.default/flashgot.fgt (blocking)
cURL|OK
GNOME Gwget|KO
KDE KGet|KO
Downloader 4 X|KO
Downloader 4 X (nt)|KO
Aria|KO

Warning: download manager KDE KGet not found
Warning: download manager Internet Download Manager not found
Warning: download manager Internet Download Accelerator not found
Warning: download manager InstantGet not found
Warning: download manager iGetter Win not found
Warning: download manager iGetter not found
Warning: download manager HiDownload not found
Warning: download manager GNOME Gwget not found
Warning: download manager GigaGet not found
Warning: download manager GetRight not found
Warning: download manager FreshDownload not found
Warning: download manager Free Download Manager not found
Warning: download manager FlashGet not found
Warning: download manager Downloader 4 X (nt) not found
Warning: download manager Downloader 4 X not found
Warning: download manager Download Master not found
Warning: download manager Download Accelerator Plus not found
Warning: download manager Aria not found
Per-session init done in 277ms
Starting cleanup
Cleanup done
*** Log start at Thu, 01 Jun 2006 12:44:29 GMT
Per-session init started
Warning: download manager WellGet not found
Warning: download manager TrueDownloader not found
Warning: download manager Thunder not found
Warning: download manager Star Downloader not found
/usr/bin/osascript not found
Warning: download manager Speed Download 3 not found
Warning: download manager Speed Download 2 not found
Warning: download manager Speed Download not found
Warning: download manager ReGet not found
Warning: download manager NetAnts not found
Warning: download manager Net Transport 2 not found
Warning: download manager Net Transport not found
Warning: download manager Mass Downloader not found
Warning: download manager LeechGet 2002 not found
Warning: download manager LeechGet not found
Running /tmp/flashgot.zp1qj4dn.default/flashgot.fgt (blocking)
cURL|OK
GNOME Gwget|KO
KDE KGet|KO
Downloader 4 X|KO
Downloader 4 X (nt)|KO
Aria|KO

Warning: download manager KDE KGet not found
Warning: download manager Internet Download Manager not found
Warning: download manager Internet Download Accelerator not found
Warning: download manager InstantGet not found
Warning: download manager iGetter Win not found
Warning: download manager iGetter not found
Warning: download manager HiDownload not found
Warning: download manager GNOME Gwget not found
Warning: download manager GigaGet not found
Warning: download manager GetRight not found
Warning: download manager FreshDownload not found
Warning: download manager Free Download Manager not found
Warning: download manager FlashGet not found
Warning: download manager Downloader 4 X (nt) not found
Warning: download manager Downloader 4 X not found
Warning: download manager Download Master not found
Warning: download manager Download Accelerator Plus not found
Warning: download manager Aria not found
Per-session init done in 316ms
Starting cleanup
Cleanup done
*** Log start at Thu, 01 Jun 2006 12:44:32 GMT
Per-session init started
Warning: download manager WellGet not found
Warning: download manager TrueDownloader not found
Warning: download manager Thunder not found
Warning: download manager Star Downloader not found
/usr/bin/osascript not found
Warning: download manager Speed Download 3 not found
Warning: download manager Speed Download 2 not found
Warning: download manager Speed Download not found
Warning: download manager ReGet not found
Warning: download manager NetAnts not found
Warning: download manager Net Transport 2 not found
Warning: download manager Net Transport not found
Warning: download manager Mass Downloader not found
Warning: download manager LeechGet 2002 not found
Warning: download manager LeechGet not found
Running /tmp/flashgot.zp1qj4dn.default/flashgot.fgt (blocking)
cURL|OK
GNOME Gwget|KO
KDE KGet|KO
Downloader 4 X|KO
Downloader 4 X (nt)|KO
Aria|KO

Warning: download manager KDE KGet not found
Warning: download manager Internet Download Manager not found
Warning: download manager Internet Download Accelerator not found
Warning: download manager InstantGet not found
Warning: download manager iGetter Win not found
Warning: download manager iGetter not found
Warning: download manager HiDownload not found
Warning: download manager GNOME Gwget not found
Warning: download manager GigaGet not found
Warning: download manager GetRight not found
Warning: download manager FreshDownload not found
Warning: download manager Free Download Manager not found
Warning: download manager FlashGet not found
Warning: download manager Downloader 4 X (nt) not found
Warning: download manager Downloader 4 X not found
Warning: download manager Download Master not found
Warning: download manager Download Accelerator Plus not found
Warning: download manager Aria not found
Per-session init done in 320ms
Starting cleanup
Cleanup done
*** Log start at Thu, 01 Jun 2006 12:46:34 GMT
Per-session init started
Warning: download manager WellGet not found
Warning: download manager TrueDownloader not found
Warning: download manager Thunder not found
Warning: download manager Star Downloader not found
/usr/bin/osascript not found
Warning: download manager Speed Download 3 not found
Warning: download manager Speed Download 2 not found
Warning: download manager Speed Download not found
Warning: download manager ReGet not found
Warning: download manager NetAnts not found
Warning: download manager Net Transport 2 not found
Warning: download manager Net Transport not found
Warning: download manager Mass Downloader not found
Warning: download manager LeechGet 2002 not found
Warning: download manager LeechGet not found
Running /tmp/flashgot.zp1qj4dn.default/flashgot.fgt (blocking)
cURL|OK
GNOME Gwget|KO
KDE KGet|KO
Downloader 4 X|KO
Downloader 4 X (nt)|KO
Aria|KO

Warning: download manager KDE KGet not found
Warning: download manager Internet Download Manager not found
Warning: download manager Internet Download Accelerator not found
Warning: download manager InstantGet not found
Warning: download manager iGetter Win not found
Warning: download manager iGetter not found
Warning: download manager HiDownload not found
Warning: download manager GNOME Gwget not found
Warning: download manager GigaGet not found
Warning: download manager GetRight not found
Warning: download manager FreshDownload not found
Warning: download manager Free Download Manager not found
Warning: download manager FlashGet not found
Warning: download manager Downloader 4 X (nt) not found
Warning: download manager Downloader 4 X not found
Warning: download manager Download Master not found
Warning: download manager Download Accelerator Plus not found
Warning: download manager Aria not found
Per-session init done in 418ms
Starting cleanup
Cleanup done
*** Log start at Thu, 01 Jun 2006 12:47:20 GMT
Per-session init started
Warning: download manager WellGet not found
Warning: download manager TrueDownloader not found
Warning: download manager Thunder not found
Warning: download manager Star Downloader not found
/usr/bin/osascript not found
Warning: download manager Speed Download 3 not found
Warning: download manager Speed Download 2 not found
Warning: download manager Speed Download not found
Warning: download manager ReGet not found
Warning: download manager NetAnts not found
Warning: download manager Net Transport 2 not found
Warning: download manager Net Transport not found
Warning: download manager Mass Downloader not found
Warning: download manager LeechGet 2002 not found
Warning: download manager LeechGet not found
Running /tmp/flashgot.zp1qj4dn.default/flashgot.fgt (blocking)
cURL|OK
GNOME Gwget|KO
KDE KGet|KO
Downloader 4 X|KO
Downloader 4 X (nt)|KO
Aria|KO

Warning: download manager KDE KGet not found
Warning: download manager Internet Download Manager not found
Warning: download manager Internet Download Accelerator not found
Warning: download manager InstantGet not found
Warning: download manager iGetter Win not found
Warning: download manager iGetter not found
Warning: download manager HiDownload not found
Warning: download manager GNOME Gwget not found
Warning: download manager GigaGet not found
Warning: download manager GetRight not found
Warning: download manager FreshDownload not found
Warning: download manager Free Download Manager not found
Warning: download manager FlashGet not found
Warning: download manager Downloader 4 X (nt) not found
Warning: download manager Downloader 4 X not found
Warning: download manager Download Master not found
Warning: download manager Download Accelerator Plus not found
Warning: download manager Aria not found
Per-session init done in 210ms
Starting cleanup
Cleanup done
*** Log start at Sun, 22 Oct 2006 12:03:45 GMT
Per-session init started
Warning: download manager WellGet not found
Warning: download manager TrueDownloader not found
Warning: download manager Thunder not found
Warning: download manager Star Downloader not found
/usr/bin/osascript not found
Warning: download manager Speed Download 3 not found
Warning: download manager Speed Download 2 not found
Warning: download manager Speed Download not found
Warning: download manager ReGet not found
Warning: download manager NetAnts not found
Warning: download manager Net Transport 2 not found
Warning: download manager Net Transport not found
Warning: download manager Mass Downloader not found
Warning: download manager LeechGet 2002 not found
Warning: download manager LeechGet not found
Running /tmp/flashgot.zp1qj4dn.default/flashgot.fgt (blocking)
cURL|OK
GNOME Gwget|KO
KDE KGet|KO
Downloader 4 X|KO
Downloader 4 X (nt)|KO
Aria|KO

Warning: download manager KDE KGet not found
Warning: download manager Internet Download Manager not found
Warning: download manager Internet Download Accelerator not found
Warning: download manager InstantGet not found
Warning: download manager iGetter Win not found
Warning: download manager iGetter not found
Warning: download manager HiDownload not found
Warning: download manager GNOME Gwget not found
Warning: download manager GigaGet not found
Warning: download manager GetRight not found
Warning: download manager FreshDownload not found
Warning: download manager Free Download Manager not found
Warning: download manager FlashGet not found
Warning: download manager Downloader 4 X (nt) not found
Warning: download manager Downloader 4 X not found
Warning: download manager Download Master not found
Warning: download manager Download Accelerator Plus not found
Warning: download manager Aria not found
Per-session init done in 42ms
Starting cleanup
Cleanup done
