-------------------------------------------------------------------------------
http://releases.mozilla.org/pub/mozilla.org/extensions/flashgot/flashgot-0.5.9.995-fx+fl+mz+ns+zm+tb.xpi  --  2006-05-15 04:52:42
-------------------------------------------------------------------------------


     Install completed successfully  --  2006-05-15 04:52:43

-------------------------------------------------------------------------------
http://releases.mozilla.org/pub/mozilla.org/extensions/videodownloader/videodownloader-1.0-fx.xpi  --  2006-05-15 04:53:29
-------------------------------------------------------------------------------


     Install completed successfully  --  2006-05-15 04:53:30

-------------------------------------------------------------------------------
http://releases.mozilla.org/pub/mozilla.org/extensions/web_developer/web_developer-1.0.2-fx+fl.xpi  --  2006-05-15 04:57:38
-------------------------------------------------------------------------------


     Install completed successfully  --  2006-05-15 04:57:47

-------------------------------------------------------------------------------
http://releases.mozilla.org/pub/mozilla.org/extensions/jsview/jsview-1.1-fx.xpi  --  2006-05-15 04:57:48
-------------------------------------------------------------------------------


     Install completed successfully  --  2006-05-15 04:57:55

-------------------------------------------------------------------------------
http://releases.mozilla.org/pub/mozilla.org/extensions/jsview/jsview-1.1-fx.xpi  --  2006-06-01 12:44:20
-------------------------------------------------------------------------------


     Install completed successfully  --  2006-06-01 12:44:21

-------------------------------------------------------------------------------
http://releases.mozilla.org/pub/mozilla.org/extensions/videodownloader/videodownloader-1.1.1-fx.xpi  --  2006-10-22 12:03:42
-------------------------------------------------------------------------------


     Install completed successfully  --  2006-10-22 12:03:42

-------------------------------------------------------------------------------
http://releases.mozilla.org/pub/mozilla.org/extensions/jsview/jsview-1.2.1-fx+fl+zm.xpi  --  2006-10-22 12:03:42
-------------------------------------------------------------------------------


     Install completed successfully  --  2006-10-22 12:03:42

-------------------------------------------------------------------------------
http://releases.mozilla.org/pub/mozilla.org/extensions/downthemall_/downthemall_-0.9.9.7-fx+fl+tb.xpi  --  2006-10-22 12:08:04
-------------------------------------------------------------------------------


     Install completed successfully  --  2006-10-22 12:08:04

